TRACE::2021-12-13.16:10:11::SCWBifWriter::Found the complete platform F:/Xilinx/Project/ThreadKraken/design_1_wrapper/export/design_1_wrapper/design_1_wrapper.xpfm
TRACE::2021-12-13.16:10:11::SCWBifWriter::hardware databse : design_1_wrapper
TRACE::2021-12-13.16:10:11::SCWBifWriter::bitstream found in the design
TRACE::2021-12-13.16:10:11::SCWBifWriter::Found a baremetal domain, proc: ps7_cortexa9_0
TRACE::2021-12-13.16:10:11::SCWBifWriter::proc type : 
TRACE::2021-12-13.16:10:11::SCWBifWriter::proc[0] : ps7_cortexa9_0
TRACE::2021-12-13.16:10:11::SCWBifWriter::Device type is : zynq
TRACE::2021-12-13.16:10:11::SCWBifWriter::Writing BIF to file : F:/Xilinx/Project/ThreadKraken/ThreadKraken_system/Debug/system.bif
TRACE::2021-12-13.16:10:11::SCWBifWriter::Writing the Zynq Baremetal bif 
TRACE::2021-12-13.16:13:02::SCWBifWriter::Found the complete platform F:/Xilinx/Project/ThreadKraken/design_1_wrapper/export/design_1_wrapper/design_1_wrapper.xpfm
TRACE::2021-12-13.16:13:02::SCWBifWriter::hardware databse : design_1_wrapper_4
TRACE::2021-12-13.16:13:02::SCWBifWriter::bitstream found in the design
TRACE::2021-12-13.16:13:02::SCWBifWriter::Found a baremetal domain, proc: ps7_cortexa9_0
TRACE::2021-12-13.16:13:02::SCWBifWriter::proc type : 
TRACE::2021-12-13.16:13:02::SCWBifWriter::proc[0] : ps7_cortexa9_0
TRACE::2021-12-13.16:13:02::SCWBifWriter::Device type is : zynq
TRACE::2021-12-13.16:13:02::SCWBifWriter::Writing BIF to file : F:/Xilinx/Project/ThreadKraken/ThreadKraken_system/Debug/system.bif
TRACE::2021-12-13.16:13:02::SCWBifWriter::Writing the Zynq Baremetal bif 
TRACE::2021-12-13.16:13:48::SCWBifWriter::Found the complete platform F:/Xilinx/Project/ThreadKraken/design_1_wrapper/export/design_1_wrapper/design_1_wrapper.xpfm
TRACE::2021-12-13.16:13:49::SCWBifWriter::hardware databse : design_1_wrapper_4
TRACE::2021-12-13.16:13:49::SCWBifWriter::bitstream found in the design
TRACE::2021-12-13.16:13:49::SCWBifWriter::Found a baremetal domain, proc: ps7_cortexa9_0
TRACE::2021-12-13.16:13:49::SCWBifWriter::proc type : 
TRACE::2021-12-13.16:13:49::SCWBifWriter::proc[0] : ps7_cortexa9_0
TRACE::2021-12-13.16:13:49::SCWBifWriter::Device type is : zynq
TRACE::2021-12-13.16:13:49::SCWBifWriter::Writing BIF to file : F:/Xilinx/Project/ThreadKraken/ThreadKraken_system/Debug/system.bif
TRACE::2021-12-13.16:13:49::SCWBifWriter::Writing the Zynq Baremetal bif 
TRACE::2021-12-13.16:14:41::SCWBifWriter::Found the complete platform F:/Xilinx/Project/ThreadKraken/design_1_wrapper/export/design_1_wrapper/design_1_wrapper.xpfm
TRACE::2021-12-13.16:14:41::SCWBifWriter::hardware databse : design_1_wrapper_4
TRACE::2021-12-13.16:14:41::SCWBifWriter::bitstream found in the design
TRACE::2021-12-13.16:14:41::SCWBifWriter::Found a baremetal domain, proc: ps7_cortexa9_0
TRACE::2021-12-13.16:14:41::SCWBifWriter::proc type : 
TRACE::2021-12-13.16:14:41::SCWBifWriter::proc[0] : ps7_cortexa9_0
TRACE::2021-12-13.16:14:41::SCWBifWriter::Device type is : zynq
TRACE::2021-12-13.16:14:41::SCWBifWriter::Writing BIF to file : F:/Xilinx/Project/ThreadKraken/ThreadKraken_system/Debug/system.bif
TRACE::2021-12-13.16:14:41::SCWBifWriter::Writing the Zynq Baremetal bif 
TRACE::2021-12-14.01:41:29::SCWBifWriter::Found the complete platform F:/Xilinx/Project/ThreadKraken/design_1_wrapper/export/design_1_wrapper/design_1_wrapper.xpfm
TRACE::2021-12-14.01:41:29::SCWBifWriter::hardware databse : design_1_wrapper_10
TRACE::2021-12-14.01:41:29::SCWBifWriter::bitstream found in the design
TRACE::2021-12-14.01:41:29::SCWBifWriter::Found a baremetal domain, proc: ps7_cortexa9_0
TRACE::2021-12-14.01:41:29::SCWBifWriter::proc type : 
TRACE::2021-12-14.01:41:29::SCWBifWriter::proc[0] : ps7_cortexa9_0
TRACE::2021-12-14.01:41:29::SCWBifWriter::Device type is : zynq
TRACE::2021-12-14.01:41:29::SCWBifWriter::Writing BIF to file : F:/Xilinx/Project/ThreadKraken/ThreadKraken_system/Debug/system.bif
TRACE::2021-12-14.01:41:29::SCWBifWriter::Writing the Zynq Baremetal bif 
TRACE::2021-12-14.03:27:34::SCWBifWriter::Found the complete platform F:/Xilinx/Project/ThreadKraken/design_1_wrapper/export/design_1_wrapper/design_1_wrapper.xpfm
TRACE::2021-12-14.03:27:34::SCWBifWriter::hardware databse : design_1_wrapper_60
TRACE::2021-12-14.03:27:34::SCWBifWriter::bitstream found in the design
TRACE::2021-12-14.03:27:34::SCWBifWriter::Found a baremetal domain, proc: ps7_cortexa9_0
TRACE::2021-12-14.03:27:34::SCWBifWriter::proc type : 
TRACE::2021-12-14.03:27:34::SCWBifWriter::proc[0] : ps7_cortexa9_0
TRACE::2021-12-14.03:27:34::SCWBifWriter::Device type is : zynq
TRACE::2021-12-14.03:27:34::SCWBifWriter::Writing BIF to file : F:/Xilinx/Project/ThreadKraken/ThreadKraken_system/Debug/system.bif
TRACE::2021-12-14.03:27:34::SCWBifWriter::Writing the Zynq Baremetal bif 
